# JRE version: Java(TM) SE Runtime Environment (7.0_60-b19) (build 1.7.0_60-b19)
# Java VM: Java HotSpot(TM) 64-Bit Server VM (24.60-b09 mixed mode linux-amd64 compressed oops)
Heap
 PSYoungGen      total 68608K, used 5115K [0x00000000d7200000, 0x00000000dba00000, 0x0000000100000000)
  eden space 63488K, 0% used [0x00000000d7200000,0x00000000d7200000,0x00000000db000000)
  from space 5120K, 99% used [0x00000000db000000,0x00000000db4fee78,0x00000000db500000)
  to   space 5120K, 0% used [0x00000000db500000,0x00000000db500000,0x00000000dba00000)
 ParOldGen       total 83456K, used 28430K [0x0000000085600000, 0x000000008a780000, 0x00000000d7200000)
  object space 83456K, 34% used [0x0000000085600000,0x00000000871c3850,0x000000008a780000)
 PSPermGen       total 28160K, used 27836K [0x0000000080400000, 0x0000000081f80000, 0x0000000085600000)
  object space 28160K, 98% used [0x0000000080400000,0x0000000081f2f0d8,0x0000000081f80000)
GC Heap History (9 events):
Event: 72.863 GC heap before
{Heap before GC invocations=1 (full 0):
 PSYoungGen      total 36864K, used 31744K [0x00000000d7200000, 0x00000000d9b00000, 0x0000000100000000)
  eden space 31744K, 100% used [0x00000000d7200000,0x00000000d9100000,0x00000000d9100000)
  from space 5120K, 0% used [0x00000000d9600000,0x00000000d9600000,0x00000000d9b00000)
  to   space 5120K, 0% used [0x00000000d9100000,0x00000000d9100000,0x00000000d9600000)
 ParOldGen       total 83456K, used 0K [0x0000000085600000, 0x000000008a780000, 0x00000000d7200000)
  object space 83456K, 0% used [0x0000000085600000,0x0000000085600000,0x000000008a780000)
 PSPermGen       total 21504K, used 15886K [0x0000000080400000, 0x0000000081900000, 0x0000000085600000)
  object space 21504K, 73% used [0x0000000080400000,0x0000000081383a88,0x0000000081900000)
Event: 72.874 GC heap after
Heap after GC invocations=1 (full 0):
 PSYoungGen      total 36864K, used 4493K [0x00000000d7200000, 0x00000000d9b00000, 0x0000000100000000)
  eden space 31744K, 0% used [0x00000000d7200000,0x00000000d7200000,0x00000000d9100000)
  from space 5120K, 87% used [0x00000000d9100000,0x00000000d9563578,0x00000000d9600000)
  to   space 5120K, 0% used [0x00000000d9600000,0x00000000d9600000,0x00000000d9b00000)
 ParOldGen       total 83456K, used 72K [0x0000000085600000, 0x000000008a780000, 0x00000000d7200000)
  object space 83456K, 0% used [0x0000000085600000,0x0000000085612010,0x000000008a780000)
 PSPermGen       total 21504K, used 15886K [0x0000000080400000, 0x0000000081900000, 0x0000000085600000)
  object space 21504K, 73% used [0x0000000080400000,0x0000000081383a88,0x0000000081900000)
}
Event: 73.403 GC heap before
{Heap before GC invocations=2 (full 0):
 PSYoungGen      total 36864K, used 36237K [0x00000000d7200000, 0x00000000d9b00000, 0x0000000100000000)
  eden space 31744K, 100% used [0x00000000d7200000,0x00000000d9100000,0x00000000d9100000)
  from space 5120K, 87% used [0x00000000d9100000,0x00000000d9563578,0x00000000d9600000)
  to   space 5120K, 0% used [0x00000000d9600000,0x00000000d9600000,0x00000000d9b00000)
 ParOldGen       total 83456K, used 72K [0x0000000085600000, 0x000000008a780000, 0x00000000d7200000)
  object space 83456K, 0% used [0x0000000085600000,0x0000000085612010,0x000000008a780000)
 PSPermGen       total 21504K, used 19458K [0x0000000080400000, 0x0000000081900000, 0x0000000085600000)
  object space 21504K, 90% used [0x0000000080400000,0x0000000081700b00,0x0000000081900000)
Event: 73.416 GC heap after
Heap after GC invocations=2 (full 0):
 PSYoungGen      total 36864K, used 5118K [0x00000000d7200000, 0x00000000dba00000, 0x0000000100000000)
  eden space 31744K, 0% used [0x00000000d7200000,0x00000000d7200000,0x00000000d9100000)
  from space 5120K, 99% used [0x00000000d9600000,0x00000000d9affb68,0x00000000d9b00000)
  to   space 5120K, 0% used [0x00000000d9100000,0x00000000d9100000,0x00000000d9600000)
 ParOldGen       total 83456K, used 1014K [0x0000000085600000, 0x000000008a780000, 0x00000000d7200000)
  object space 83456K, 1% used [0x0000000085600000,0x00000000856fd8c8,0x000000008a780000)
 PSPermGen       total 21504K, used 19458K [0x0000000080400000, 0x0000000081900000, 0x0000000085600000)
  object space 21504K, 90% used [0x0000000080400000,0x0000000081700b00,0x0000000081900000)
}
Event: 75.055 GC heap before
{Heap before GC invocations=3 (full 0):
 PSYoungGen      total 36864K, used 36862K [0x00000000d7200000, 0x00000000dba00000, 0x0000000100000000)
  eden space 31744K, 100% used [0x00000000d7200000,0x00000000d9100000,0x00000000d9100000)
  from space 5120K, 99% used [0x00000000d9600000,0x00000000d9affb68,0x00000000d9b00000)
  to   space 5120K, 0% used [0x00000000d9100000,0x00000000d9100000,0x00000000d9600000)
 ParOldGen       total 83456K, used 1014K [0x0000000085600000, 0x000000008a780000, 0x00000000d7200000)
  object space 83456K, 1% used [0x0000000085600000,0x00000000856fd8c8,0x000000008a780000)
 PSPermGen       total 25600K, used 25460K [0x0000000080400000, 0x0000000081d00000, 0x0000000085600000)
  object space 25600K, 99% used [0x0000000080400000,0x0000000081cdd378,0x0000000081d00000)
Event: 75.072 GC heap after
Heap after GC invocations=3 (full 0):
 PSYoungGen      total 36864K, used 5117K [0x00000000d7200000, 0x00000000dba00000, 0x0000000100000000)
  eden space 31744K, 0% used [0x00000000d7200000,0x00000000d7200000,0x00000000d9100000)
  from space 5120K, 99% used [0x00000000d9100000,0x00000000d95ff6c0,0x00000000d9600000)
  to   space 5120K, 0% used [0x00000000db500000,0x00000000db500000,0x00000000dba00000)
 ParOldGen       total 83456K, used 5618K [0x0000000085600000, 0x000000008a780000, 0x00000000d7200000)
  object space 83456K, 6% used [0x0000000085600000,0x0000000085b7ca58,0x000000008a780000)
 PSPermGen       total 25600K, used 25460K [0x0000000080400000, 0x0000000081d00000, 0x0000000085600000)
  object space 25600K, 99% used [0x0000000080400000,0x0000000081cdd378,0x0000000081d00000)
}
Event: 77.159 GC heap before
{Heap before GC invocations=4 (full 0):
 PSYoungGen      total 36864K, used 36861K [0x00000000d7200000, 0x00000000dba00000, 0x0000000100000000)
  eden space 31744K, 100% used [0x00000000d7200000,0x00000000d9100000,0x00000000d9100000)
  from space 5120K, 99% used [0x00000000d9100000,0x00000000d95ff6c0,0x00000000d9600000)
  to   space 5120K, 0% used [0x00000000db500000,0x00000000db500000,0x00000000dba00000)
 ParOldGen       total 83456K, used 5618K [0x0000000085600000, 0x000000008a780000, 0x00000000d7200000)
  object space 83456K, 6% used [0x0000000085600000,0x0000000085b7ca58,0x000000008a780000)
 PSPermGen       total 28160K, used 27670K [0x0000000080400000, 0x0000000081f80000, 0x0000000085600000)
  object space 28160K, 98% used [0x0000000080400000,0x0000000081f05a18,0x0000000081f80000)
Event: 77.189 GC heap after
Heap after GC invocations=4 (full 0):
 PSYoungGen      total 68608K, used 5094K [0x00000000d7200000, 0x00000000dba00000, 0x0000000100000000)
  eden space 63488K, 0% used [0x00000000d7200000,0x00000000d7200000,0x00000000db000000)
  from space 5120K, 99% used [0x00000000db500000,0x00000000db9f9ab0,0x00000000dba00000)
  to   space 5120K, 0% used [0x00000000db000000,0x00000000db000000,0x00000000db500000)
 ParOldGen       total 83456K, used 12495K [0x0000000085600000, 0x000000008a780000, 0x00000000d7200000)
  object space 83456K, 14% used [0x0000000085600000,0x0000000086233da0,0x000000008a780000)
 PSPermGen       total 28160K, used 27670K [0x0000000080400000, 0x0000000081f80000, 0x0000000085600000)
  object space 28160K, 98% used [0x0000000080400000,0x0000000081f05a18,0x0000000081f80000)
}
Event: 81.010 GC heap before
{Heap before GC invocations=5 (full 0):
 PSYoungGen      total 68608K, used 68582K [0x00000000d7200000, 0x00000000dba00000, 0x0000000100000000)
  eden space 63488K, 100% used [0x00000000d7200000,0x00000000db000000,0x00000000db000000)
  from space 5120K, 99% used [0x00000000db500000,0x00000000db9f9ab0,0x00000000dba00000)
  to   space 5120K, 0% used [0x00000000db000000,0x00000000db000000,0x00000000db500000)
 ParOldGen       total 83456K, used 12495K [0x0000000085600000, 0x000000008a780000, 0x00000000d7200000)
  object space 83456K, 14% used [0x0000000085600000,0x0000000086233da0,0x000000008a780000)
 PSPermGen       total 28160K, used 27836K [0x0000000080400000, 0x0000000081f80000, 0x0000000085600000)
  object space 28160K, 98% used [0x0000000080400000,0x0000000081f2f0d8,0x0000000081f80000)

